<?xml version="1.0" encoding="UTF-8"?>
<testsuite name="com.xin.popgen.infos.TimeInfoTest" tests="1" skipped="0" failures="0" errors="0" timestamp="2018-03-25T23:34:51" hostname="hash-P15FV2" time="0.0">
  <properties/>
  <testcase name="testGetTime" classname="com.xin.popgen.infos.TimeInfoTest" time="0.0"/>
  <system-out><![CDATA[505 individuals with 3 populations are read from examples/data/example.ind
3 population pairs with divergence times are read from examples/data/example.time
505 individuals with 3 populations are read from examples/compressed_data/example.ind.gz
3 population pairs with divergence times are read from examples/compressed_data/example.time.gz
]]></system-out>
  <system-err><![CDATA[]]></system-err>
</testsuite>
