<?xml version="1.0" encoding="UTF-8"?>
<testsuite name="com.xin.popgen.infos.PopVarInfoTest" tests="1" skipped="0" failures="0" errors="0" timestamp="2018-03-16T14:06:14" hostname="ubuntu-c-32-64gib-nyc1-02" time="0.001">
  <properties/>
  <testcase name="test" classname="com.xin.popgen.infos.PopVarInfoTest" time="0.001"/>
  <system-out><![CDATA[1000 individuals with 10 populations are read from src/test/resources/test.ind
45 population pairs with variances of drift are read from src/test/resources/test.popvar
1000 individuals with 10 populations are read from src/test/resources/test.ind.gz
45 population pairs with variances of drift are read from src/test/resources/test.popvar.gz
]]></system-out>
  <system-err><![CDATA[]]></system-err>
</testsuite>
